<?xml version="1.0" encoding="UTF-8"?>
<!-- Generated by org.testng.reporters.JUnitReportReporter -->
<testsuite skipped="0" hostname="A0773L" name="Auto.Auto.PropFiles" tests="1" failures="0" timestamp="18 Dec 2019 09:16:22 GMT" time="32.752" errors="0">
  <testcase name="openBrowser" time="32.752" classname="Auto.Auto.PropFiles"/>
</testsuite> <!-- Auto.Auto.PropFiles -->
