<?xml version="1.0" encoding="UTF-8"?>
<!-- Generated by org.testng.reporters.JUnitReportReporter -->
<testsuite skipped="0" hostname="A0773L" name="Auto.Auto.FilePro" tests="1" failures="0" timestamp="18 Dec 2019 10:09:35 GMT" time="9.517" errors="0">
  <testcase name="openBrowser" time="9.517" classname="Auto.Auto.FilePro"/>
</testsuite> <!-- Auto.Auto.FilePro -->
