<?xml version="1.0" encoding="UTF-8"?>
<!-- Generated by org.testng.reporters.JUnitReportReporter -->
<testsuite skipped="0" hostname="A0773L" name="Auto.Auto.Parallel" tests="2" failures="0" timestamp="18 Dec 2019 08:03:05 GMT" time="63.322" errors="0">
  <testcase name="login" time="25.108" classname="Auto.Auto.Parallel"/>
  <testcase name="login" time="38.214" classname="Auto.Auto.Parallel"/>
</testsuite> <!-- Auto.Auto.Parallel -->
